<?xml version="1.0" encoding="UTF-8"?>
<!-- Generated by org.testng.reporters.JUnitReportReporter -->
<testsuite hostname="Kuresh" failures="0" tests="6" name="api.test.DDTests" time="6.883" errors="0" timestamp="2024-04-18T18:13:07 IST" skipped="0">
  <testcase classname="api.test.DDTests" name="testPostuser" time="1.155"/>
  <testcase classname="api.test.DDTests" name="testPostuser" time="1.202"/>
  <testcase classname="api.test.DDTests" name="testPostuser" time="1.094"/>
  <testcase classname="api.test.DDTests" name="testDeleteuserByName" time="1.122"/>
  <testcase classname="api.test.DDTests" name="testDeleteuserByName" time="1.132"/>
  <testcase classname="api.test.DDTests" name="testDeleteuserByName" time="1.178"/>
</testsuite> <!-- api.test.DDTests -->
