<?xml version="1.0" encoding="UTF-8"?>
<!-- Generated by org.testng.reporters.JUnitReportReporter -->
<testsuite hostname="Kuresh" failures="0" tests="4" name="api.test.UserTests" time="9.918" errors="0" timestamp="2024-04-16T18:30:17 IST" skipped="0">
  <testcase classname="api.test.UserTests" name="testPostUser" time="5.173"/>
  <testcase classname="api.test.UserTests" name="testgetUser" time="1.233"/>
  <testcase classname="api.test.UserTests" name="testupdateUserByName" time="2.331"/>
  <testcase classname="api.test.UserTests" name="testdeleteUserByName" time="1.181"/>
</testsuite> <!-- api.test.UserTests -->
