<?xml version="1.0" encoding="UTF-8"?>
<!-- Generated by org.testng.reporters.JUnitReportReporter -->
<testsuite hostname="Kuresh" failures="0" tests="4" name="api.test.UserTests" time="9.077" errors="0" timestamp="2024-04-18T18:13:07 IST" skipped="0">
  <testcase classname="api.test.UserTests" name="testPostUser" time="4.011"/>
  <testcase classname="api.test.UserTests" name="testgetUser" time="1.518"/>
  <testcase classname="api.test.UserTests" name="testupdateUserByName" time="2.360"/>
  <testcase classname="api.test.UserTests" name="testdeleteUserByName" time="1.188"/>
</testsuite> <!-- api.test.UserTests -->
