<?xml version="1.0" encoding="UTF-8"?>
<!-- Generated by org.testng.reporters.JUnitReportReporter -->
<testsuite hostname="Kuresh" failures="0" tests="6" name="api.test.DDTests" time="13.907" errors="0" timestamp="2024-04-17T21:50:54 IST" skipped="0">
  <testcase classname="api.test.DDTests" name="testPostuser" time="1.430"/>
  <testcase classname="api.test.DDTests" name="testPostuser" time="6.233"/>
  <testcase classname="api.test.DDTests" name="testPostuser" time="1.570"/>
  <testcase classname="api.test.DDTests" name="testDeleteuserByName" time="1.534"/>
  <testcase classname="api.test.DDTests" name="testDeleteuserByName" time="1.532"/>
  <testcase classname="api.test.DDTests" name="testDeleteuserByName" time="1.608"/>
</testsuite> <!-- api.test.DDTests -->
